
**** Build of configuration Debug for project Lab4DebouncingFR2311 ****

"C:\\ti\\ccsv7\\utils\\bin\\gmake" -k -j 4 all -O 
'Building file: ../main.c'
'Invoking: MSP430 Compiler'
"C:/ti/ccsv7/tools/compiler/ti-cgt-msp430_17.6.0.STS/bin/cl430" -vmspx --use_hw_mpy=none --include_path="C:/ti/ccsv7/ccs_base/msp430/include" --include_path="C:/Users/baseb/Desktop/Embeded Labs/lab-4-timers-and-pwm-mcguires5/Debouncing/Lab4DebouncingFR2311" --include_path="C:/ti/ccsv7/tools/compiler/ti-cgt-msp430_17.6.0.STS/include" --advice:power=all --advice:hw_config=all --define=__MSP430FR2311__ -g --printf_support=minimal --diag_warning=225 --diag_wrap=off --display_error_number --silicon_errata=CPU21 --silicon_errata=CPU22 --silicon_errata=CPU40 --preproc_with_compile --preproc_dependency="main.d_raw"  "../main.c"

>> Compilation failure
subdir_rules.mk:9: recipe for target 'main.obj' failed
"../main.c", line 19: error #20: identifier "TA0CTL" is undefined
"../main.c", line 19: error #20: identifier "TASSEL_2" is undefined
"../main.c", line 20: error #20: identifier "TA0CCTL0" is undefined
"../main.c", line 21: error #20: identifier "TA0CCR0" is undefined
"../main.c", line 22: error #138: expression must be a modifiable lvalue
"../main.c", line 24: error #20: identifier "P4DIR" is undefined
"../main.c", line 25: error #20: identifier "P4OUT" is undefined
"../main.c", line 41: warning #2580-D: pragma vector= accepts numeric arguments or "unused_interrupts" but not TIMER0_A0_VECTOR
"../main.c", line 52: error #20: identifier "P4OUT" is undefined
"../main.c", line 55: error #20: identifier "TA0R" is undefined
"../main.c", line 10: remark #1535-D: (ULP 8.1) variable "initialTime" is used as a constant. Recommend declaring variable as either 'static const' or 'const'
"../main.c", line 11: remark #1535-D: (ULP 8.1) variable "OverFlowTimes" is used as a constant. Recommend declaring variable as either 'static const' or 'const'
"../main.c", line 12: remark #1535-D: (ULP 8.1) variable "NumOfOverFlow" is used as a constant. Recommend declaring variable as either 'static const' or 'const'
9 errors detected in the compilation of "../main.c".
gmake: *** [main.obj] Error 1
gmake: Target 'all' not remade because of errors.

**** Build Finished ****

**** Build of configuration Debug for project Lab4DebouncingFR2311 ****

"C:\\ti\\ccsv7\\utils\\bin\\gmake" -k -j 4 all -O 
'Building file: ../main.c'
'Invoking: MSP430 Compiler'
"C:/ti/ccsv7/tools/compiler/ti-cgt-msp430_17.6.0.STS/bin/cl430" -vmspx --use_hw_mpy=none --include_path="C:/ti/ccsv7/ccs_base/msp430/include" --include_path="C:/Users/baseb/Desktop/Embeded Labs/lab-4-timers-and-pwm-mcguires5/Debouncing/Lab4DebouncingFR2311" --include_path="C:/ti/ccsv7/tools/compiler/ti-cgt-msp430_17.6.0.STS/include" --advice:power=all --advice:hw_config=all --define=__MSP430FR2311__ -g --printf_support=minimal --diag_warning=225 --diag_wrap=off --display_error_number --silicon_errata=CPU21 --silicon_errata=CPU22 --silicon_errata=CPU40 --preproc_with_compile --preproc_dependency="main.d_raw"  "../main.c"

>> Compilation failure
subdir_rules.mk:9: recipe for target 'main.obj' failed
"../main.c", line 19: error #20: identifier "TA0CTL" is undefined
"../main.c", line 19: error #20: identifier "TASSEL_2" is undefined
"../main.c", line 20: error #20: identifier "TA0CCTL0" is undefined
"../main.c", line 21: error #20: identifier "TA0CCR0" is undefined
"../main.c", line 22: error #138: expression must be a modifiable lvalue
"../main.c", line 41: warning #2580-D: pragma vector= accepts numeric arguments or "unused_interrupts" but not TIMER0_A0_VECTOR
"../main.c", line 55: error #20: identifier "TA0R" is undefined
"../main.c", line 10: remark #1535-D: (ULP 8.1) variable "initialTime" is used as a constant. Recommend declaring variable as either 'static const' or 'const'
"../main.c", line 11: remark #1535-D: (ULP 8.1) variable "OverFlowTimes" is used as a constant. Recommend declaring variable as either 'static const' or 'const'
"../main.c", line 12: remark #1535-D: (ULP 8.1) variable "NumOfOverFlow" is used as a constant. Recommend declaring variable as either 'static const' or 'const'
6 errors detected in the compilation of "../main.c".
gmake: *** [main.obj] Error 1
gmake: Target 'all' not remade because of errors.

**** Build Finished ****

**** Build of configuration Debug for project Lab4DebouncingFR2311 ****

"C:\\ti\\ccsv7\\utils\\bin\\gmake" -k -j 4 all -O 
'Building file: ../main.c'
'Invoking: MSP430 Compiler'
"C:/ti/ccsv7/tools/compiler/ti-cgt-msp430_17.6.0.STS/bin/cl430" -vmspx --use_hw_mpy=none --include_path="C:/ti/ccsv7/ccs_base/msp430/include" --include_path="C:/Users/baseb/Desktop/Embeded Labs/lab-4-timers-and-pwm-mcguires5/Debouncing/Lab4DebouncingFR2311" --include_path="C:/ti/ccsv7/tools/compiler/ti-cgt-msp430_17.6.0.STS/include" --advice:power=all --advice:hw_config=all --define=__MSP430FR2311__ -g --printf_support=minimal --diag_warning=225 --diag_wrap=off --display_error_number --silicon_errata=CPU21 --silicon_errata=CPU22 --silicon_errata=CPU40 --preproc_with_compile --preproc_dependency="main.d_raw"  "../main.c"

>> Compilation failure
subdir_rules.mk:9: recipe for target 'main.obj' failed
"../main.c", line 16: error #20: identifier "TA0CTL" is undefined
"../main.c", line 16: error #20: identifier "TASSEL_2" is undefined
"../main.c", line 17: error #20: identifier "TA0CCTL0" is undefined
"../main.c", line 18: error #20: identifier "TA0CCR0" is undefined
"../main.c", line 19: error #138: expression must be a modifiable lvalue
"../main.c", line 38: warning #2580-D: pragma vector= accepts numeric arguments or "unused_interrupts" but not TIMER0_A0_VECTOR
"../main.c", line 54: error #20: identifier "TA0R" is undefined
6 errors detected in the compilation of "../main.c".
gmake: *** [main.obj] Error 1
gmake: Target 'all' not remade because of errors.

**** Build Finished ****

**** Build of configuration Debug for project Lab4DebouncingFR2311 ****

"C:\\ti\\ccsv7\\utils\\bin\\gmake" -k -j 4 all -O 
'Building file: ../main.c'
'Invoking: MSP430 Compiler'
"C:/ti/ccsv7/tools/compiler/ti-cgt-msp430_17.6.0.STS/bin/cl430" -vmspx --use_hw_mpy=none --include_path="C:/ti/ccsv7/ccs_base/msp430/include" --include_path="C:/Users/baseb/Desktop/Embeded Labs/lab-4-timers-and-pwm-mcguires5/Debouncing/Lab4DebouncingFR2311" --include_path="C:/ti/ccsv7/tools/compiler/ti-cgt-msp430_17.6.0.STS/include" --advice:power=all --advice:hw_config=all --define=__MSP430FR2311__ -g --printf_support=minimal --diag_warning=225 --diag_wrap=off --display_error_number --silicon_errata=CPU21 --silicon_errata=CPU22 --silicon_errata=CPU40 --preproc_with_compile --preproc_dependency="main.d_raw"  "../main.c"

>> Compilation failure
subdir_rules.mk:9: recipe for target 'main.obj' failed
"../main.c", line 16: error #20: identifier "TASSEL_2" is undefined
"../main.c", line 19: error #138: expression must be a modifiable lvalue
2 errors detected in the compilation of "../main.c".
gmake: *** [main.obj] Error 1
gmake: Target 'all' not remade because of errors.

**** Build Finished ****

**** Build of configuration Debug for project Lab4DebouncingFR2311 ****

"C:\\ti\\ccsv7\\utils\\bin\\gmake" -k -j 4 all -O 
'Building file: ../main.c'
'Invoking: MSP430 Compiler'
"C:/ti/ccsv7/tools/compiler/ti-cgt-msp430_17.6.0.STS/bin/cl430" -vmspx --use_hw_mpy=none --include_path="C:/ti/ccsv7/ccs_base/msp430/include" --include_path="C:/Users/baseb/Desktop/Embeded Labs/lab-4-timers-and-pwm-mcguires5/Debouncing/Lab4DebouncingFR2311" --include_path="C:/ti/ccsv7/tools/compiler/ti-cgt-msp430_17.6.0.STS/include" --advice:power=all --advice:hw_config=all --define=__MSP430FR2311__ -g --printf_support=minimal --diag_warning=225 --diag_wrap=off --display_error_number --silicon_errata=CPU21 --silicon_errata=CPU22 --silicon_errata=CPU40 --preproc_with_compile --preproc_dependency="main.d_raw"  "../main.c"
'Finished building: ../main.c'
' '
'Building target: Lab4DebouncingFR2311.out'
'Invoking: MSP430 Linker'
"C:/ti/ccsv7/tools/compiler/ti-cgt-msp430_17.6.0.STS/bin/cl430" -vmspx --use_hw_mpy=none --advice:power=all --advice:hw_config=all --define=__MSP430FR2311__ -g --printf_support=minimal --diag_warning=225 --diag_wrap=off --display_error_number --silicon_errata=CPU21 --silicon_errata=CPU22 --silicon_errata=CPU40 -z -m"Lab4DebouncingFR2311.map" --heap_size=160 --stack_size=160 --cinit_hold_wdt=on -i"C:/ti/ccsv7/ccs_base/msp430/include" -i"C:/ti/ccsv7/tools/compiler/ti-cgt-msp430_17.6.0.STS/lib" -i"C:/ti/ccsv7/tools/compiler/ti-cgt-msp430_17.6.0.STS/include" --reread_libs --diag_wrap=off --display_error_number --warn_sections --xml_link_info="Lab4DebouncingFR2311_linkInfo.xml" --use_hw_mpy=none --rom_model -o "Lab4DebouncingFR2311.out" "./main.obj" "../lnk_msp430fr2311.cmd"  -llibc.a 
<Linking>
warning #10420-D: For FRAM devices, at start up, the GPIO power-on default high-impedance mode needs to be disabled to activate previously configured port settings. This can be done by clearing the LOCKLPM5 bit in PM5CTL0 register.
remark #10372-D: (ULP 4.1) Detected uninitialized Port 2 in this project. Recommend initializing all unused ports to eliminate wasted current consumption on unused pins.
remark #10372-D: (ULP 4.1) Detected uninitialized Port A in this project. Recommend initializing all unused ports to eliminate wasted current consumption on unused pins.
'Finished building target: Lab4DebouncingFR2311.out'
' '

**** Build Finished ****

**** Build of configuration Debug for project Lab4DebouncingFR2311 ****

"C:\\ti\\ccsv7\\utils\\bin\\gmake" -k -j 4 all -O 
'Building file: ../main.c'
'Invoking: MSP430 Compiler'
"C:/ti/ccsv7/tools/compiler/ti-cgt-msp430_17.6.0.STS/bin/cl430" -vmspx --use_hw_mpy=none --include_path="C:/ti/ccsv7/ccs_base/msp430/include" --include_path="C:/Users/baseb/Desktop/Embeded Labs/lab-4-timers-and-pwm-mcguires5/Debouncing/Lab4DebouncingFR2311" --include_path="C:/ti/ccsv7/tools/compiler/ti-cgt-msp430_17.6.0.STS/include" --advice:power=all --advice:hw_config=all --define=__MSP430FR2311__ -g --printf_support=minimal --diag_warning=225 --diag_wrap=off --display_error_number --silicon_errata=CPU21 --silicon_errata=CPU22 --silicon_errata=CPU40 --preproc_with_compile --preproc_dependency="main.d_raw"  "../main.c"
'Finished building: ../main.c'
' '
'Building target: Lab4DebouncingFR2311.out'
'Invoking: MSP430 Linker'
"C:/ti/ccsv7/tools/compiler/ti-cgt-msp430_17.6.0.STS/bin/cl430" -vmspx --use_hw_mpy=none --advice:power=all --advice:hw_config=all --define=__MSP430FR2311__ -g --printf_support=minimal --diag_warning=225 --diag_wrap=off --display_error_number --silicon_errata=CPU21 --silicon_errata=CPU22 --silicon_errata=CPU40 -z -m"Lab4DebouncingFR2311.map" --heap_size=160 --stack_size=160 --cinit_hold_wdt=on -i"C:/ti/ccsv7/ccs_base/msp430/include" -i"C:/ti/ccsv7/tools/compiler/ti-cgt-msp430_17.6.0.STS/lib" -i"C:/ti/ccsv7/tools/compiler/ti-cgt-msp430_17.6.0.STS/include" --reread_libs --diag_wrap=off --display_error_number --warn_sections --xml_link_info="Lab4DebouncingFR2311_linkInfo.xml" --use_hw_mpy=none --rom_model -o "Lab4DebouncingFR2311.out" "./main.obj" "../lnk_msp430fr2311.cmd"  -llibc.a 
<Linking>
warning #10420-D: For FRAM devices, at start up, the GPIO power-on default high-impedance mode needs to be disabled to activate previously configured port settings. This can be done by clearing the LOCKLPM5 bit in PM5CTL0 register.
remark #10372-D: (ULP 4.1) Detected uninitialized Port 2 in this project. Recommend initializing all unused ports to eliminate wasted current consumption on unused pins.
remark #10372-D: (ULP 4.1) Detected uninitialized Port A in this project. Recommend initializing all unused ports to eliminate wasted current consumption on unused pins.
'Finished building target: Lab4DebouncingFR2311.out'
' '

**** Build Finished ****

**** Build of configuration Debug for project Lab4DebouncingFR2311 ****

"C:\\ti\\ccsv7\\utils\\bin\\gmake" -k -j 4 all -O 
'Building file: ../main.c'
'Invoking: MSP430 Compiler'
"C:/ti/ccsv7/tools/compiler/ti-cgt-msp430_17.6.0.STS/bin/cl430" -vmspx --use_hw_mpy=none --include_path="C:/ti/ccsv7/ccs_base/msp430/include" --include_path="C:/Users/baseb/Desktop/Embeded Labs/lab-4-timers-and-pwm-mcguires5/Debouncing/Lab4DebouncingFR2311" --include_path="C:/ti/ccsv7/tools/compiler/ti-cgt-msp430_17.6.0.STS/include" --advice:power=all --advice:hw_config=all --define=__MSP430FR2311__ -g --printf_support=minimal --diag_warning=225 --diag_wrap=off --display_error_number --silicon_errata=CPU21 --silicon_errata=CPU22 --silicon_errata=CPU40 --preproc_with_compile --preproc_dependency="main.d_raw"  "../main.c"
'Finished building: ../main.c'
' '
'Building target: Lab4DebouncingFR2311.out'
'Invoking: MSP430 Linker'
"C:/ti/ccsv7/tools/compiler/ti-cgt-msp430_17.6.0.STS/bin/cl430" -vmspx --use_hw_mpy=none --advice:power=all --advice:hw_config=all --define=__MSP430FR2311__ -g --printf_support=minimal --diag_warning=225 --diag_wrap=off --display_error_number --silicon_errata=CPU21 --silicon_errata=CPU22 --silicon_errata=CPU40 -z -m"Lab4DebouncingFR2311.map" --heap_size=160 --stack_size=160 --cinit_hold_wdt=on -i"C:/ti/ccsv7/ccs_base/msp430/include" -i"C:/ti/ccsv7/tools/compiler/ti-cgt-msp430_17.6.0.STS/lib" -i"C:/ti/ccsv7/tools/compiler/ti-cgt-msp430_17.6.0.STS/include" --reread_libs --diag_wrap=off --display_error_number --warn_sections --xml_link_info="Lab4DebouncingFR2311_linkInfo.xml" --use_hw_mpy=none --rom_model -o "Lab4DebouncingFR2311.out" "./main.obj" "../lnk_msp430fr2311.cmd"  -llibc.a 
<Linking>
warning #10420-D: For FRAM devices, at start up, the GPIO power-on default high-impedance mode needs to be disabled to activate previously configured port settings. This can be done by clearing the LOCKLPM5 bit in PM5CTL0 register.
remark #10372-D: (ULP 4.1) Detected uninitialized Port 2 in this project. Recommend initializing all unused ports to eliminate wasted current consumption on unused pins.
remark #10372-D: (ULP 4.1) Detected uninitialized Port A in this project. Recommend initializing all unused ports to eliminate wasted current consumption on unused pins.
'Finished building target: Lab4DebouncingFR2311.out'
' '

**** Build Finished ****

**** Build of configuration Debug for project Lab4DebouncingFR2311 ****

"C:\\ti\\ccsv7\\utils\\bin\\gmake" -k -j 4 all -O 
'Building file: ../main.c'
'Invoking: MSP430 Compiler'
"C:/ti/ccsv7/tools/compiler/ti-cgt-msp430_17.6.0.STS/bin/cl430" -vmspx --use_hw_mpy=none --include_path="C:/ti/ccsv7/ccs_base/msp430/include" --include_path="C:/Users/baseb/Desktop/Embeded Labs/lab-4-timers-and-pwm-mcguires5/Debouncing/Lab4DebouncingFR2311" --include_path="C:/ti/ccsv7/tools/compiler/ti-cgt-msp430_17.6.0.STS/include" --advice:power=all --advice:hw_config=all --define=__MSP430FR2311__ -g --printf_support=minimal --diag_warning=225 --diag_wrap=off --display_error_number --silicon_errata=CPU21 --silicon_errata=CPU22 --silicon_errata=CPU40 --preproc_with_compile --preproc_dependency="main.d_raw"  "../main.c"
'Finished building: ../main.c'
' '
'Building target: Lab4DebouncingFR2311.out'
'Invoking: MSP430 Linker'
"C:/ti/ccsv7/tools/compiler/ti-cgt-msp430_17.6.0.STS/bin/cl430" -vmspx --use_hw_mpy=none --advice:power=all --advice:hw_config=all --define=__MSP430FR2311__ -g --printf_support=minimal --diag_warning=225 --diag_wrap=off --display_error_number --silicon_errata=CPU21 --silicon_errata=CPU22 --silicon_errata=CPU40 -z -m"Lab4DebouncingFR2311.map" --heap_size=160 --stack_size=160 --cinit_hold_wdt=on -i"C:/ti/ccsv7/ccs_base/msp430/include" -i"C:/ti/ccsv7/tools/compiler/ti-cgt-msp430_17.6.0.STS/lib" -i"C:/ti/ccsv7/tools/compiler/ti-cgt-msp430_17.6.0.STS/include" --reread_libs --diag_wrap=off --display_error_number --warn_sections --xml_link_info="Lab4DebouncingFR2311_linkInfo.xml" --use_hw_mpy=none --rom_model -o "Lab4DebouncingFR2311.out" "./main.obj" "../lnk_msp430fr2311.cmd"  -llibc.a 
<Linking>
warning #10420-D: For FRAM devices, at start up, the GPIO power-on default high-impedance mode needs to be disabled to activate previously configured port settings. This can be done by clearing the LOCKLPM5 bit in PM5CTL0 register.
remark #10372-D: (ULP 4.1) Detected uninitialized Port 2 in this project. Recommend initializing all unused ports to eliminate wasted current consumption on unused pins.
remark #10372-D: (ULP 4.1) Detected uninitialized Port A in this project. Recommend initializing all unused ports to eliminate wasted current consumption on unused pins.
'Finished building target: Lab4DebouncingFR2311.out'
' '

**** Build Finished ****

**** Build of configuration Debug for project Lab4DebouncingFR2311 ****

"C:\\ti\\ccsv7\\utils\\bin\\gmake" -k -j 4 all -O 
'Building file: ../main.c'
'Invoking: MSP430 Compiler'
"C:/ti/ccsv7/tools/compiler/ti-cgt-msp430_17.6.0.STS/bin/cl430" -vmspx --use_hw_mpy=none --include_path="C:/ti/ccsv7/ccs_base/msp430/include" --include_path="C:/Users/baseb/Desktop/Embeded Labs/lab-4-timers-and-pwm-mcguires5/Debouncing/Lab4DebouncingFR2311" --include_path="C:/ti/ccsv7/tools/compiler/ti-cgt-msp430_17.6.0.STS/include" --advice:power=all --advice:hw_config=all --define=__MSP430FR2311__ -g --printf_support=minimal --diag_warning=225 --diag_wrap=off --display_error_number --silicon_errata=CPU21 --silicon_errata=CPU22 --silicon_errata=CPU40 --preproc_with_compile --preproc_dependency="main.d_raw"  "../main.c"
'Finished building: ../main.c'
' '
'Building target: Lab4DebouncingFR2311.out'
'Invoking: MSP430 Linker'
"C:/ti/ccsv7/tools/compiler/ti-cgt-msp430_17.6.0.STS/bin/cl430" -vmspx --use_hw_mpy=none --advice:power=all --advice:hw_config=all --define=__MSP430FR2311__ -g --printf_support=minimal --diag_warning=225 --diag_wrap=off --display_error_number --silicon_errata=CPU21 --silicon_errata=CPU22 --silicon_errata=CPU40 -z -m"Lab4DebouncingFR2311.map" --heap_size=160 --stack_size=160 --cinit_hold_wdt=on -i"C:/ti/ccsv7/ccs_base/msp430/include" -i"C:/ti/ccsv7/tools/compiler/ti-cgt-msp430_17.6.0.STS/lib" -i"C:/ti/ccsv7/tools/compiler/ti-cgt-msp430_17.6.0.STS/include" --reread_libs --diag_wrap=off --display_error_number --warn_sections --xml_link_info="Lab4DebouncingFR2311_linkInfo.xml" --use_hw_mpy=none --rom_model -o "Lab4DebouncingFR2311.out" "./main.obj" "../lnk_msp430fr2311.cmd"  -llibc.a 
<Linking>
warning #10420-D: For FRAM devices, at start up, the GPIO power-on default high-impedance mode needs to be disabled to activate previously configured port settings. This can be done by clearing the LOCKLPM5 bit in PM5CTL0 register.
remark #10372-D: (ULP 4.1) Detected uninitialized Port 2 in this project. Recommend initializing all unused ports to eliminate wasted current consumption on unused pins.
remark #10372-D: (ULP 4.1) Detected uninitialized Port A in this project. Recommend initializing all unused ports to eliminate wasted current consumption on unused pins.
'Finished building target: Lab4DebouncingFR2311.out'
' '

**** Build Finished ****

**** Build of configuration Debug for project Lab4DebouncingFR2311 ****

"C:\\ti\\ccsv7\\utils\\bin\\gmake" -k -j 4 all -O 
gmake[1]: 'Lab4DebouncingFR2311.out' is up to date.

**** Build Finished ****

**** Build of configuration Debug for project Lab4DebouncingFR2311 ****

"C:\\ti\\ccsv7\\utils\\bin\\gmake" -k -j 4 all -O 
'Building file: ../main.c'
'Invoking: MSP430 Compiler'
"C:/ti/ccsv7/tools/compiler/ti-cgt-msp430_17.6.0.STS/bin/cl430" -vmspx --use_hw_mpy=none --include_path="C:/ti/ccsv7/ccs_base/msp430/include" --include_path="C:/Users/baseb/Desktop/Embeded Labs/lab-4-timers-and-pwm-mcguires5/Debouncing/Lab4DebouncingFR2311" --include_path="C:/ti/ccsv7/tools/compiler/ti-cgt-msp430_17.6.0.STS/include" --advice:power=all --advice:hw_config=all --define=__MSP430FR2311__ -g --printf_support=minimal --diag_warning=225 --diag_wrap=off --display_error_number --silicon_errata=CPU21 --silicon_errata=CPU22 --silicon_errata=CPU40 --preproc_with_compile --preproc_dependency="main.d_raw"  "../main.c"
'Finished building: ../main.c'
' '
'Building target: Lab4DebouncingFR2311.out'
'Invoking: MSP430 Linker'
"C:/ti/ccsv7/tools/compiler/ti-cgt-msp430_17.6.0.STS/bin/cl430" -vmspx --use_hw_mpy=none --advice:power=all --advice:hw_config=all --define=__MSP430FR2311__ -g --printf_support=minimal --diag_warning=225 --diag_wrap=off --display_error_number --silicon_errata=CPU21 --silicon_errata=CPU22 --silicon_errata=CPU40 -z -m"Lab4DebouncingFR2311.map" --heap_size=160 --stack_size=160 --cinit_hold_wdt=on -i"C:/ti/ccsv7/ccs_base/msp430/include" -i"C:/ti/ccsv7/tools/compiler/ti-cgt-msp430_17.6.0.STS/lib" -i"C:/ti/ccsv7/tools/compiler/ti-cgt-msp430_17.6.0.STS/include" --reread_libs --diag_wrap=off --display_error_number --warn_sections --xml_link_info="Lab4DebouncingFR2311_linkInfo.xml" --use_hw_mpy=none --rom_model -o "Lab4DebouncingFR2311.out" "./main.obj" "../lnk_msp430fr2311.cmd"  -llibc.a 
<Linking>
warning #10420-D: For FRAM devices, at start up, the GPIO power-on default high-impedance mode needs to be disabled to activate previously configured port settings. This can be done by clearing the LOCKLPM5 bit in PM5CTL0 register.
remark #10372-D: (ULP 4.1) Detected uninitialized Port 2 in this project. Recommend initializing all unused ports to eliminate wasted current consumption on unused pins.
remark #10372-D: (ULP 4.1) Detected uninitialized Port A in this project. Recommend initializing all unused ports to eliminate wasted current consumption on unused pins.
'Finished building target: Lab4DebouncingFR2311.out'
' '

**** Build Finished ****

**** Build of configuration Debug for project Lab4DebouncingFR2311 ****

"C:\\ti\\ccsv7\\utils\\bin\\gmake" -k -j 4 all -O 
'Building file: ../main.c'
'Invoking: MSP430 Compiler'
"C:/ti/ccsv7/tools/compiler/ti-cgt-msp430_17.6.0.STS/bin/cl430" -vmspx --use_hw_mpy=none --include_path="C:/ti/ccsv7/ccs_base/msp430/include" --include_path="C:/Users/baseb/Desktop/Embeded Labs/lab-4-timers-and-pwm-mcguires5/Debouncing/Lab4DebouncingFR2311" --include_path="C:/ti/ccsv7/tools/compiler/ti-cgt-msp430_17.6.0.STS/include" --advice:power=all --advice:hw_config=all --define=__MSP430FR2311__ -g --printf_support=minimal --diag_warning=225 --diag_wrap=off --display_error_number --silicon_errata=CPU21 --silicon_errata=CPU22 --silicon_errata=CPU40 --preproc_with_compile --preproc_dependency="main.d_raw"  "../main.c"
'Finished building: ../main.c'
' '
'Building target: Lab4DebouncingFR2311.out'
'Invoking: MSP430 Linker'
"C:/ti/ccsv7/tools/compiler/ti-cgt-msp430_17.6.0.STS/bin/cl430" -vmspx --use_hw_mpy=none --advice:power=all --advice:hw_config=all --define=__MSP430FR2311__ -g --printf_support=minimal --diag_warning=225 --diag_wrap=off --display_error_number --silicon_errata=CPU21 --silicon_errata=CPU22 --silicon_errata=CPU40 -z -m"Lab4DebouncingFR2311.map" --heap_size=160 --stack_size=160 --cinit_hold_wdt=on -i"C:/ti/ccsv7/ccs_base/msp430/include" -i"C:/ti/ccsv7/tools/compiler/ti-cgt-msp430_17.6.0.STS/lib" -i"C:/ti/ccsv7/tools/compiler/ti-cgt-msp430_17.6.0.STS/include" --reread_libs --diag_wrap=off --display_error_number --warn_sections --xml_link_info="Lab4DebouncingFR2311_linkInfo.xml" --use_hw_mpy=none --rom_model -o "Lab4DebouncingFR2311.out" "./main.obj" "../lnk_msp430fr2311.cmd"  -llibc.a 
<Linking>
warning #10420-D: For FRAM devices, at start up, the GPIO power-on default high-impedance mode needs to be disabled to activate previously configured port settings. This can be done by clearing the LOCKLPM5 bit in PM5CTL0 register.
remark #10372-D: (ULP 4.1) Detected uninitialized Port 2 in this project. Recommend initializing all unused ports to eliminate wasted current consumption on unused pins.
remark #10372-D: (ULP 4.1) Detected uninitialized Port A in this project. Recommend initializing all unused ports to eliminate wasted current consumption on unused pins.
'Finished building target: Lab4DebouncingFR2311.out'
' '

**** Build Finished ****

**** Build of configuration Debug for project Lab4DebouncingFR2311 ****

"C:\\ti\\ccsv7\\utils\\bin\\gmake" -k -j 4 all -O 
'Building file: ../main.c'
'Invoking: MSP430 Compiler'
"C:/ti/ccsv7/tools/compiler/ti-cgt-msp430_17.6.0.STS/bin/cl430" -vmspx --use_hw_mpy=none --include_path="C:/ti/ccsv7/ccs_base/msp430/include" --include_path="C:/Users/baseb/Desktop/Embeded Labs/lab-4-timers-and-pwm-mcguires5/Debouncing/Lab4DebouncingFR2311" --include_path="C:/ti/ccsv7/tools/compiler/ti-cgt-msp430_17.6.0.STS/include" --advice:power=all --advice:hw_config=all --define=__MSP430FR2311__ -g --printf_support=minimal --diag_warning=225 --diag_wrap=off --display_error_number --silicon_errata=CPU21 --silicon_errata=CPU22 --silicon_errata=CPU40 --preproc_with_compile --preproc_dependency="main.d_raw"  "../main.c"
'Finished building: ../main.c'
' '
'Building target: Lab4DebouncingFR2311.out'
'Invoking: MSP430 Linker'
"C:/ti/ccsv7/tools/compiler/ti-cgt-msp430_17.6.0.STS/bin/cl430" -vmspx --use_hw_mpy=none --advice:power=all --advice:hw_config=all --define=__MSP430FR2311__ -g --printf_support=minimal --diag_warning=225 --diag_wrap=off --display_error_number --silicon_errata=CPU21 --silicon_errata=CPU22 --silicon_errata=CPU40 -z -m"Lab4DebouncingFR2311.map" --heap_size=160 --stack_size=160 --cinit_hold_wdt=on -i"C:/ti/ccsv7/ccs_base/msp430/include" -i"C:/ti/ccsv7/tools/compiler/ti-cgt-msp430_17.6.0.STS/lib" -i"C:/ti/ccsv7/tools/compiler/ti-cgt-msp430_17.6.0.STS/include" --reread_libs --diag_wrap=off --display_error_number --warn_sections --xml_link_info="Lab4DebouncingFR2311_linkInfo.xml" --use_hw_mpy=none --rom_model -o "Lab4DebouncingFR2311.out" "./main.obj" "../lnk_msp430fr2311.cmd"  -llibc.a 
<Linking>
warning #10420-D: For FRAM devices, at start up, the GPIO power-on default high-impedance mode needs to be disabled to activate previously configured port settings. This can be done by clearing the LOCKLPM5 bit in PM5CTL0 register.
remark #10372-D: (ULP 4.1) Detected uninitialized Port 2 in this project. Recommend initializing all unused ports to eliminate wasted current consumption on unused pins.
remark #10372-D: (ULP 4.1) Detected uninitialized Port A in this project. Recommend initializing all unused ports to eliminate wasted current consumption on unused pins.
'Finished building target: Lab4DebouncingFR2311.out'
' '

**** Build Finished ****

**** Build of configuration Debug for project Lab4DebouncingFR2311 ****

"C:\\ti\\ccsv7\\utils\\bin\\gmake" -k -j 4 all -O 
'Building file: ../main.c'
'Invoking: MSP430 Compiler'
"C:/ti/ccsv7/tools/compiler/ti-cgt-msp430_17.6.0.STS/bin/cl430" -vmspx --use_hw_mpy=none --include_path="C:/ti/ccsv7/ccs_base/msp430/include" --include_path="C:/Users/baseb/Desktop/Embeded Labs/lab-4-timers-and-pwm-mcguires5/Debouncing/Lab4DebouncingFR2311" --include_path="C:/ti/ccsv7/tools/compiler/ti-cgt-msp430_17.6.0.STS/include" --advice:power=all --advice:hw_config=all --define=__MSP430FR2311__ -g --printf_support=minimal --diag_warning=225 --diag_wrap=off --display_error_number --silicon_errata=CPU21 --silicon_errata=CPU22 --silicon_errata=CPU40 --preproc_with_compile --preproc_dependency="main.d_raw"  "../main.c"
'Finished building: ../main.c'
' '
'Building target: Lab4DebouncingFR2311.out'
'Invoking: MSP430 Linker'
"C:/ti/ccsv7/tools/compiler/ti-cgt-msp430_17.6.0.STS/bin/cl430" -vmspx --use_hw_mpy=none --advice:power=all --advice:hw_config=all --define=__MSP430FR2311__ -g --printf_support=minimal --diag_warning=225 --diag_wrap=off --display_error_number --silicon_errata=CPU21 --silicon_errata=CPU22 --silicon_errata=CPU40 -z -m"Lab4DebouncingFR2311.map" --heap_size=160 --stack_size=160 --cinit_hold_wdt=on -i"C:/ti/ccsv7/ccs_base/msp430/include" -i"C:/ti/ccsv7/tools/compiler/ti-cgt-msp430_17.6.0.STS/lib" -i"C:/ti/ccsv7/tools/compiler/ti-cgt-msp430_17.6.0.STS/include" --reread_libs --diag_wrap=off --display_error_number --warn_sections --xml_link_info="Lab4DebouncingFR2311_linkInfo.xml" --use_hw_mpy=none --rom_model -o "Lab4DebouncingFR2311.out" "./main.obj" "../lnk_msp430fr2311.cmd"  -llibc.a 
<Linking>
warning #10420-D: For FRAM devices, at start up, the GPIO power-on default high-impedance mode needs to be disabled to activate previously configured port settings. This can be done by clearing the LOCKLPM5 bit in PM5CTL0 register.
remark #10372-D: (ULP 4.1) Detected uninitialized Port 2 in this project. Recommend initializing all unused ports to eliminate wasted current consumption on unused pins.
remark #10372-D: (ULP 4.1) Detected uninitialized Port A in this project. Recommend initializing all unused ports to eliminate wasted current consumption on unused pins.
'Finished building target: Lab4DebouncingFR2311.out'
' '

**** Build Finished ****

**** Build of configuration Debug for project Lab4DebouncingFR2311 ****

"C:\\ti\\ccsv7\\utils\\bin\\gmake" -k -j 4 all -O 
'Building file: ../main.c'
'Invoking: MSP430 Compiler'
"C:/ti/ccsv7/tools/compiler/ti-cgt-msp430_17.6.0.STS/bin/cl430" -vmspx --use_hw_mpy=none --include_path="C:/ti/ccsv7/ccs_base/msp430/include" --include_path="C:/Users/baseb/Desktop/Embeded Labs/lab-4-timers-and-pwm-mcguires5/Debouncing/Lab4DebouncingFR2311" --include_path="C:/ti/ccsv7/tools/compiler/ti-cgt-msp430_17.6.0.STS/include" --advice:power=all --advice:hw_config=all --define=__MSP430FR2311__ -g --printf_support=minimal --diag_warning=225 --diag_wrap=off --display_error_number --silicon_errata=CPU21 --silicon_errata=CPU22 --silicon_errata=CPU40 --preproc_with_compile --preproc_dependency="main.d_raw"  "../main.c"
'Finished building: ../main.c'
' '
'Building target: Lab4DebouncingFR2311.out'
'Invoking: MSP430 Linker'
"C:/ti/ccsv7/tools/compiler/ti-cgt-msp430_17.6.0.STS/bin/cl430" -vmspx --use_hw_mpy=none --advice:power=all --advice:hw_config=all --define=__MSP430FR2311__ -g --printf_support=minimal --diag_warning=225 --diag_wrap=off --display_error_number --silicon_errata=CPU21 --silicon_errata=CPU22 --silicon_errata=CPU40 -z -m"Lab4DebouncingFR2311.map" --heap_size=160 --stack_size=160 --cinit_hold_wdt=on -i"C:/ti/ccsv7/ccs_base/msp430/include" -i"C:/ti/ccsv7/tools/compiler/ti-cgt-msp430_17.6.0.STS/lib" -i"C:/ti/ccsv7/tools/compiler/ti-cgt-msp430_17.6.0.STS/include" --reread_libs --diag_wrap=off --display_error_number --warn_sections --xml_link_info="Lab4DebouncingFR2311_linkInfo.xml" --use_hw_mpy=none --rom_model -o "Lab4DebouncingFR2311.out" "./main.obj" "../lnk_msp430fr2311.cmd"  -llibc.a 
<Linking>
warning #10420-D: For FRAM devices, at start up, the GPIO power-on default high-impedance mode needs to be disabled to activate previously configured port settings. This can be done by clearing the LOCKLPM5 bit in PM5CTL0 register.
remark #10372-D: (ULP 4.1) Detected uninitialized Port 2 in this project. Recommend initializing all unused ports to eliminate wasted current consumption on unused pins.
remark #10372-D: (ULP 4.1) Detected uninitialized Port A in this project. Recommend initializing all unused ports to eliminate wasted current consumption on unused pins.
'Finished building target: Lab4DebouncingFR2311.out'
' '

**** Build Finished ****

**** Build of configuration Debug for project Lab4DebouncingFR2311 ****

"C:\\ti\\ccsv7\\utils\\bin\\gmake" -k -j 4 all -O 
'Building file: ../main.c'
'Invoking: MSP430 Compiler'
"C:/ti/ccsv7/tools/compiler/ti-cgt-msp430_17.6.0.STS/bin/cl430" -vmspx --use_hw_mpy=none --include_path="C:/ti/ccsv7/ccs_base/msp430/include" --include_path="C:/Users/baseb/Desktop/Embeded Labs/lab-4-timers-and-pwm-mcguires5/Debouncing/Lab4DebouncingFR2311" --include_path="C:/ti/ccsv7/tools/compiler/ti-cgt-msp430_17.6.0.STS/include" --advice:power=all --advice:hw_config=all --define=__MSP430FR2311__ -g --printf_support=minimal --diag_warning=225 --diag_wrap=off --display_error_number --silicon_errata=CPU21 --silicon_errata=CPU22 --silicon_errata=CPU40 --preproc_with_compile --preproc_dependency="main.d_raw"  "../main.c"

>> Compilation failure
subdir_rules.mk:9: recipe for target 'main.obj' failed
"../main.c", line 17: error #20: identifier "TBOCTL" is undefined
1 error detected in the compilation of "../main.c".
gmake: *** [main.obj] Error 1
gmake: Target 'all' not remade because of errors.

**** Build Finished ****

**** Build of configuration Debug for project Lab4DebouncingFR2311 ****

"C:\\ti\\ccsv7\\utils\\bin\\gmake" -k -j 4 all -O 
'Building file: ../main.c'
'Invoking: MSP430 Compiler'
"C:/ti/ccsv7/tools/compiler/ti-cgt-msp430_17.6.0.STS/bin/cl430" -vmspx --use_hw_mpy=none --include_path="C:/ti/ccsv7/ccs_base/msp430/include" --include_path="C:/Users/baseb/Desktop/Embeded Labs/lab-4-timers-and-pwm-mcguires5/Debouncing/Lab4DebouncingFR2311" --include_path="C:/ti/ccsv7/tools/compiler/ti-cgt-msp430_17.6.0.STS/include" --advice:power=all --advice:hw_config=all --define=__MSP430FR2311__ -g --printf_support=minimal --diag_warning=225 --diag_wrap=off --display_error_number --silicon_errata=CPU21 --silicon_errata=CPU22 --silicon_errata=CPU40 --preproc_with_compile --preproc_dependency="main.d_raw"  "../main.c"
'Finished building: ../main.c'
' '
'Building target: Lab4DebouncingFR2311.out'
'Invoking: MSP430 Linker'
"C:/ti/ccsv7/tools/compiler/ti-cgt-msp430_17.6.0.STS/bin/cl430" -vmspx --use_hw_mpy=none --advice:power=all --advice:hw_config=all --define=__MSP430FR2311__ -g --printf_support=minimal --diag_warning=225 --diag_wrap=off --display_error_number --silicon_errata=CPU21 --silicon_errata=CPU22 --silicon_errata=CPU40 -z -m"Lab4DebouncingFR2311.map" --heap_size=160 --stack_size=160 --cinit_hold_wdt=on -i"C:/ti/ccsv7/ccs_base/msp430/include" -i"C:/ti/ccsv7/tools/compiler/ti-cgt-msp430_17.6.0.STS/lib" -i"C:/ti/ccsv7/tools/compiler/ti-cgt-msp430_17.6.0.STS/include" --reread_libs --diag_wrap=off --display_error_number --warn_sections --xml_link_info="Lab4DebouncingFR2311_linkInfo.xml" --use_hw_mpy=none --rom_model -o "Lab4DebouncingFR2311.out" "./main.obj" "../lnk_msp430fr2311.cmd"  -llibc.a 
<Linking>
warning #10420-D: For FRAM devices, at start up, the GPIO power-on default high-impedance mode needs to be disabled to activate previously configured port settings. This can be done by clearing the LOCKLPM5 bit in PM5CTL0 register.
remark #10372-D: (ULP 4.1) Detected uninitialized Port 2 in this project. Recommend initializing all unused ports to eliminate wasted current consumption on unused pins.
remark #10372-D: (ULP 4.1) Detected uninitialized Port A in this project. Recommend initializing all unused ports to eliminate wasted current consumption on unused pins.
'Finished building target: Lab4DebouncingFR2311.out'
' '

**** Build Finished ****

**** Build of configuration Debug for project Lab4DebouncingFR2311 ****

"C:\\ti\\ccsv7\\utils\\bin\\gmake" -k -j 4 all -O 
'Building file: ../main.c'
'Invoking: MSP430 Compiler'
"C:/ti/ccsv7/tools/compiler/ti-cgt-msp430_17.6.0.STS/bin/cl430" -vmspx --use_hw_mpy=none --include_path="C:/ti/ccsv7/ccs_base/msp430/include" --include_path="C:/Users/baseb/Desktop/Embeded Labs/lab-4-timers-and-pwm-mcguires5/Debouncing/Lab4DebouncingFR2311" --include_path="C:/ti/ccsv7/tools/compiler/ti-cgt-msp430_17.6.0.STS/include" --advice:power=all --advice:hw_config=all --define=__MSP430FR2311__ -g --printf_support=minimal --diag_warning=225 --diag_wrap=off --display_error_number --silicon_errata=CPU21 --silicon_errata=CPU22 --silicon_errata=CPU40 --preproc_with_compile --preproc_dependency="main.d_raw"  "../main.c"
'Finished building: ../main.c'
' '
'Building target: Lab4DebouncingFR2311.out'
'Invoking: MSP430 Linker'
"C:/ti/ccsv7/tools/compiler/ti-cgt-msp430_17.6.0.STS/bin/cl430" -vmspx --use_hw_mpy=none --advice:power=all --advice:hw_config=all --define=__MSP430FR2311__ -g --printf_support=minimal --diag_warning=225 --diag_wrap=off --display_error_number --silicon_errata=CPU21 --silicon_errata=CPU22 --silicon_errata=CPU40 -z -m"Lab4DebouncingFR2311.map" --heap_size=160 --stack_size=160 --cinit_hold_wdt=on -i"C:/ti/ccsv7/ccs_base/msp430/include" -i"C:/ti/ccsv7/tools/compiler/ti-cgt-msp430_17.6.0.STS/lib" -i"C:/ti/ccsv7/tools/compiler/ti-cgt-msp430_17.6.0.STS/include" --reread_libs --diag_wrap=off --display_error_number --warn_sections --xml_link_info="Lab4DebouncingFR2311_linkInfo.xml" --use_hw_mpy=none --rom_model -o "Lab4DebouncingFR2311.out" "./main.obj" "../lnk_msp430fr2311.cmd"  -llibc.a 
<Linking>
warning #10420-D: For FRAM devices, at start up, the GPIO power-on default high-impedance mode needs to be disabled to activate previously configured port settings. This can be done by clearing the LOCKLPM5 bit in PM5CTL0 register.
remark #10372-D: (ULP 4.1) Detected uninitialized Port 2 in this project. Recommend initializing all unused ports to eliminate wasted current consumption on unused pins.
remark #10372-D: (ULP 4.1) Detected uninitialized Port A in this project. Recommend initializing all unused ports to eliminate wasted current consumption on unused pins.
'Finished building target: Lab4DebouncingFR2311.out'
' '

**** Build Finished ****

**** Build of configuration Debug for project Lab4DebouncingFR2311 ****

"C:\\ti\\ccsv7\\utils\\bin\\gmake" -k -j 4 all -O 
'Building file: ../main.c'
'Invoking: MSP430 Compiler'
"C:/ti/ccsv7/tools/compiler/ti-cgt-msp430_17.6.0.STS/bin/cl430" -vmspx --use_hw_mpy=none --include_path="C:/ti/ccsv7/ccs_base/msp430/include" --include_path="C:/Users/baseb/Desktop/Embeded Labs/lab-4-timers-and-pwm-mcguires5/Debouncing/Lab4DebouncingFR2311" --include_path="C:/ti/ccsv7/tools/compiler/ti-cgt-msp430_17.6.0.STS/include" --advice:power=all --advice:hw_config=all --define=__MSP430FR2311__ -g --printf_support=minimal --diag_warning=225 --diag_wrap=off --display_error_number --silicon_errata=CPU21 --silicon_errata=CPU22 --silicon_errata=CPU40 --preproc_with_compile --preproc_dependency="main.d_raw"  "../main.c"
'Finished building: ../main.c'
' '
'Building target: Lab4DebouncingFR2311.out'
'Invoking: MSP430 Linker'
"C:/ti/ccsv7/tools/compiler/ti-cgt-msp430_17.6.0.STS/bin/cl430" -vmspx --use_hw_mpy=none --advice:power=all --advice:hw_config=all --define=__MSP430FR2311__ -g --printf_support=minimal --diag_warning=225 --diag_wrap=off --display_error_number --silicon_errata=CPU21 --silicon_errata=CPU22 --silicon_errata=CPU40 -z -m"Lab4DebouncingFR2311.map" --heap_size=160 --stack_size=160 --cinit_hold_wdt=on -i"C:/ti/ccsv7/ccs_base/msp430/include" -i"C:/ti/ccsv7/tools/compiler/ti-cgt-msp430_17.6.0.STS/lib" -i"C:/ti/ccsv7/tools/compiler/ti-cgt-msp430_17.6.0.STS/include" --reread_libs --diag_wrap=off --display_error_number --warn_sections --xml_link_info="Lab4DebouncingFR2311_linkInfo.xml" --use_hw_mpy=none --rom_model -o "Lab4DebouncingFR2311.out" "./main.obj" "../lnk_msp430fr2311.cmd"  -llibc.a 
<Linking>
warning #10420-D: For FRAM devices, at start up, the GPIO power-on default high-impedance mode needs to be disabled to activate previously configured port settings. This can be done by clearing the LOCKLPM5 bit in PM5CTL0 register.
remark #10372-D: (ULP 4.1) Detected uninitialized Port 2 in this project. Recommend initializing all unused ports to eliminate wasted current consumption on unused pins.
remark #10372-D: (ULP 4.1) Detected uninitialized Port A in this project. Recommend initializing all unused ports to eliminate wasted current consumption on unused pins.
'Finished building target: Lab4DebouncingFR2311.out'
' '

**** Build Finished ****

**** Build of configuration Debug for project Lab4DebouncingFR2311 ****

"C:\\ti\\ccsv7\\utils\\bin\\gmake" -k -j 4 all -O 
'Building file: ../main.c'
'Invoking: MSP430 Compiler'
"C:/ti/ccsv7/tools/compiler/ti-cgt-msp430_17.6.0.STS/bin/cl430" -vmspx --use_hw_mpy=none --include_path="C:/ti/ccsv7/ccs_base/msp430/include" --include_path="C:/Users/baseb/Desktop/Embeded Labs/lab-4-timers-and-pwm-mcguires5/Debouncing/Lab4DebouncingFR2311" --include_path="C:/ti/ccsv7/tools/compiler/ti-cgt-msp430_17.6.0.STS/include" --advice:power=all --advice:hw_config=all --define=__MSP430FR2311__ -g --printf_support=minimal --diag_warning=225 --diag_wrap=off --display_error_number --silicon_errata=CPU21 --silicon_errata=CPU22 --silicon_errata=CPU40 --preproc_with_compile --preproc_dependency="main.d_raw"  "../main.c"
'Finished building: ../main.c'
' '
'Building target: Lab4DebouncingFR2311.out'
'Invoking: MSP430 Linker'
"C:/ti/ccsv7/tools/compiler/ti-cgt-msp430_17.6.0.STS/bin/cl430" -vmspx --use_hw_mpy=none --advice:power=all --advice:hw_config=all --define=__MSP430FR2311__ -g --printf_support=minimal --diag_warning=225 --diag_wrap=off --display_error_number --silicon_errata=CPU21 --silicon_errata=CPU22 --silicon_errata=CPU40 -z -m"Lab4DebouncingFR2311.map" --heap_size=160 --stack_size=160 --cinit_hold_wdt=on -i"C:/ti/ccsv7/ccs_base/msp430/include" -i"C:/ti/ccsv7/tools/compiler/ti-cgt-msp430_17.6.0.STS/lib" -i"C:/ti/ccsv7/tools/compiler/ti-cgt-msp430_17.6.0.STS/include" --reread_libs --diag_wrap=off --display_error_number --warn_sections --xml_link_info="Lab4DebouncingFR2311_linkInfo.xml" --use_hw_mpy=none --rom_model -o "Lab4DebouncingFR2311.out" "./main.obj" "../lnk_msp430fr2311.cmd"  -llibc.a 
<Linking>
warning #10420-D: For FRAM devices, at start up, the GPIO power-on default high-impedance mode needs to be disabled to activate previously configured port settings. This can be done by clearing the LOCKLPM5 bit in PM5CTL0 register.
remark #10372-D: (ULP 4.1) Detected uninitialized Port 2 in this project. Recommend initializing all unused ports to eliminate wasted current consumption on unused pins.
remark #10372-D: (ULP 4.1) Detected uninitialized Port A in this project. Recommend initializing all unused ports to eliminate wasted current consumption on unused pins.
'Finished building target: Lab4DebouncingFR2311.out'
' '

**** Build Finished ****

**** Build of configuration Debug for project Lab4DebouncingFR2311 ****

"C:\\ti\\ccsv7\\utils\\bin\\gmake" -k -j 4 all -O 
'Building file: ../main.c'
'Invoking: MSP430 Compiler'
"C:/ti/ccsv7/tools/compiler/ti-cgt-msp430_17.6.0.STS/bin/cl430" -vmspx --use_hw_mpy=none --include_path="C:/ti/ccsv7/ccs_base/msp430/include" --include_path="C:/Users/baseb/Desktop/Embeded Labs/lab-4-timers-and-pwm-mcguires5/Debouncing/Lab4DebouncingFR2311" --include_path="C:/ti/ccsv7/tools/compiler/ti-cgt-msp430_17.6.0.STS/include" --advice:power=all --advice:hw_config=all --define=__MSP430FR2311__ -g --printf_support=minimal --diag_warning=225 --diag_wrap=off --display_error_number --silicon_errata=CPU21 --silicon_errata=CPU22 --silicon_errata=CPU40 --preproc_with_compile --preproc_dependency="main.d_raw"  "../main.c"
'Finished building: ../main.c'
' '
'Building target: Lab4DebouncingFR2311.out'
'Invoking: MSP430 Linker'
"C:/ti/ccsv7/tools/compiler/ti-cgt-msp430_17.6.0.STS/bin/cl430" -vmspx --use_hw_mpy=none --advice:power=all --advice:hw_config=all --define=__MSP430FR2311__ -g --printf_support=minimal --diag_warning=225 --diag_wrap=off --display_error_number --silicon_errata=CPU21 --silicon_errata=CPU22 --silicon_errata=CPU40 -z -m"Lab4DebouncingFR2311.map" --heap_size=160 --stack_size=160 --cinit_hold_wdt=on -i"C:/ti/ccsv7/ccs_base/msp430/include" -i"C:/ti/ccsv7/tools/compiler/ti-cgt-msp430_17.6.0.STS/lib" -i"C:/ti/ccsv7/tools/compiler/ti-cgt-msp430_17.6.0.STS/include" --reread_libs --diag_wrap=off --display_error_number --warn_sections --xml_link_info="Lab4DebouncingFR2311_linkInfo.xml" --use_hw_mpy=none --rom_model -o "Lab4DebouncingFR2311.out" "./main.obj" "../lnk_msp430fr2311.cmd"  -llibc.a 
<Linking>
warning #10420-D: For FRAM devices, at start up, the GPIO power-on default high-impedance mode needs to be disabled to activate previously configured port settings. This can be done by clearing the LOCKLPM5 bit in PM5CTL0 register.
remark #10372-D: (ULP 4.1) Detected uninitialized Port 2 in this project. Recommend initializing all unused ports to eliminate wasted current consumption on unused pins.
remark #10372-D: (ULP 4.1) Detected uninitialized Port A in this project. Recommend initializing all unused ports to eliminate wasted current consumption on unused pins.
'Finished building target: Lab4DebouncingFR2311.out'
' '

**** Build Finished ****

**** Build of configuration Debug for project Lab4DebouncingFR2311 ****

"C:\\ti\\ccsv7\\utils\\bin\\gmake" -k -j 4 all -O 
gmake[1]: 'Lab4DebouncingFR2311.out' is up to date.

**** Build Finished ****

**** Build of configuration Debug for project Lab4DebouncingFR2311 ****

"C:\\ti\\ccsv7\\utils\\bin\\gmake" -k -j 4 all -O 
'Building file: ../main.c'
'Invoking: MSP430 Compiler'
"C:/ti/ccsv7/tools/compiler/ti-cgt-msp430_17.6.0.STS/bin/cl430" -vmspx --use_hw_mpy=none --include_path="C:/ti/ccsv7/ccs_base/msp430/include" --include_path="C:/Users/baseb/Desktop/Embeded Labs/lab-4-timers-and-pwm-mcguires5/Debouncing/Lab4DebouncingFR2311" --include_path="C:/ti/ccsv7/tools/compiler/ti-cgt-msp430_17.6.0.STS/include" --advice:power=all --advice:hw_config=all --define=__MSP430FR2311__ -g --printf_support=minimal --diag_warning=225 --diag_wrap=off --display_error_number --silicon_errata=CPU21 --silicon_errata=CPU22 --silicon_errata=CPU40 --preproc_with_compile --preproc_dependency="main.d_raw"  "../main.c"
'Finished building: ../main.c'
' '
'Building target: Lab4DebouncingFR2311.out'
'Invoking: MSP430 Linker'
"C:/ti/ccsv7/tools/compiler/ti-cgt-msp430_17.6.0.STS/bin/cl430" -vmspx --use_hw_mpy=none --advice:power=all --advice:hw_config=all --define=__MSP430FR2311__ -g --printf_support=minimal --diag_warning=225 --diag_wrap=off --display_error_number --silicon_errata=CPU21 --silicon_errata=CPU22 --silicon_errata=CPU40 -z -m"Lab4DebouncingFR2311.map" --heap_size=160 --stack_size=160 --cinit_hold_wdt=on -i"C:/ti/ccsv7/ccs_base/msp430/include" -i"C:/ti/ccsv7/tools/compiler/ti-cgt-msp430_17.6.0.STS/lib" -i"C:/ti/ccsv7/tools/compiler/ti-cgt-msp430_17.6.0.STS/include" --reread_libs --diag_wrap=off --display_error_number --warn_sections --xml_link_info="Lab4DebouncingFR2311_linkInfo.xml" --use_hw_mpy=none --rom_model -o "Lab4DebouncingFR2311.out" "./main.obj" "../lnk_msp430fr2311.cmd"  -llibc.a 
<Linking>
warning #10420-D: For FRAM devices, at start up, the GPIO power-on default high-impedance mode needs to be disabled to activate previously configured port settings. This can be done by clearing the LOCKLPM5 bit in PM5CTL0 register.
remark #10372-D: (ULP 4.1) Detected uninitialized Port 2 in this project. Recommend initializing all unused ports to eliminate wasted current consumption on unused pins.
remark #10372-D: (ULP 4.1) Detected uninitialized Port A in this project. Recommend initializing all unused ports to eliminate wasted current consumption on unused pins.
'Finished building target: Lab4DebouncingFR2311.out'
' '

**** Build Finished ****

**** Build of configuration Debug for project Lab4DebouncingFR2311 ****

"C:\\ti\\ccsv7\\utils\\bin\\gmake" -k -j 4 all -O 
gmake[1]: 'Lab4DebouncingFR2311.out' is up to date.

**** Build Finished ****
